[INFO] 19-07-2024 13:11:16 [main] [LogUtils] - Loaded all properties files.
[INFO] 19-07-2024 13:11:16 [main] [LogUtils] - ********** RUN STARTED **********
[INFO] 19-07-2024 13:11:16 [main] [LogUtils] - ========= INSTALLING CONFIGURATION DATA =========
[INFO] 19-07-2024 13:11:16 [main] [LogUtils] - Loaded all properties files.
[INFO] 19-07-2024 13:11:16 [main] [LogUtils] - OVERRIDE EXTENT REPORTS = no
[INFO] 19-07-2024 13:11:16 [main] [LogUtils] - Link Extent Report: D:\ffbf\WebAuto\reports/ExtentReports\19_07_2024_13_11_16_ExtentReports.html
[INFO] 19-07-2024 13:11:16 [main] [LogUtils] - Extent Reports is installed.
[INFO] 19-07-2024 13:11:16 [main] [LogUtils] - ========= INSTALLED CONFIGURATION DATA =========
[INFO] 19-07-2024 13:11:16 [main] [LogUtils] - =====> Starting Suite: Regression Tests CMS
[INFO] 19-07-2024 13:11:23 [main] [LogUtils] - Test case: en is starting...
[INFO] 19-07-2024 13:11:23 [main] [LogUtils] - Test case: en is passed.
[INFO] 19-07-2024 13:11:23 [main] [LogUtils] - Driver for Screenshot: ChromeDriver: chrome on windows (1067003fa292cd1518cd9ef4538c3901)
[INFO] 19-07-2024 13:11:23 [main] [LogUtils] - Screenshot taken: en
[INFO] 19-07-2024 13:11:23 [main] [LogUtils] - Screenshot taken current URL: data:,
[INFO] 19-07-2024 13:11:28 [main] [LogUtils] - Test case: end is starting...
[ERROR] 19-07-2024 13:12:31 [main] [LogUtils] - FAILED !! Test case end is failed.
[ERROR] 19-07-2024 13:12:31 [main] [LogUtils] - org.openqa.selenium.NoSuchWindowException: no such window: target window already closed
from unknown error: web view not found
  (Session info: chrome=126.0.6478.128)
Build info: version: '4.22.0', revision: 'c5f3146703*'
System info: os.name: 'Windows 10', os.arch: 'amd64', os.version: '10.0', java.version: '21.0.4'
Driver info: org.openqa.selenium.chrome.ChromeDriver
Command: [78606f5506e1f112eb36eb4a9673f766, executeScript {script=return document.readyState, args=[]}]
Capabilities {acceptInsecureCerts: true, browserName: chrome, browserVersion: 126.0.6478.128, chrome: {chromedriverVersion: 126.0.6478.182 (5b5d8292ddf..., userDataDir: C:\Users\david.le\AppData\L...}, fedcm:accounts: true, goog:chromeOptions: {debuggerAddress: localhost:49555}, networkConnectionEnabled: false, pageLoadStrategy: normal, platformName: windows, proxy: Proxy(), se:cdp: ws://localhost:49555/devtoo..., se:cdpVersion: 126.0.6478.128, setWindowRect: true, strictFileInteractability: false, timeouts: {implicit: 0, pageLoad: 300000, script: 30000}, unhandledPromptBehavior: dismiss and notify, webauthn:extension:credBlob: true, webauthn:extension:largeBlob: true, webauthn:extension:minPinLength: true, webauthn:extension:prf: true, webauthn:virtualAuthenticators: true}
Session ID: 78606f5506e1f112eb36eb4a9673f766
[INFO] 19-07-2024 13:12:31 [main] [LogUtils] - Driver for Screenshot: ChromeDriver: chrome on windows (78606f5506e1f112eb36eb4a9673f766)
[ERROR] 19-07-2024 13:12:31 [main] [LogUtils] - FAILED !! Test case end is failed.
[ERROR] 19-07-2024 13:12:31 [main] [LogUtils] - org.openqa.selenium.NoSuchWindowException: no such window: target window already closed
from unknown error: web view not found
  (Session info: chrome=126.0.6478.128)
Build info: version: '4.22.0', revision: 'c5f3146703*'
System info: os.name: 'Windows 10', os.arch: 'amd64', os.version: '10.0', java.version: '21.0.4'
Driver info: org.openqa.selenium.chrome.ChromeDriver
Command: [78606f5506e1f112eb36eb4a9673f766, screenshot {}]
Capabilities {acceptInsecureCerts: true, browserName: chrome, browserVersion: 126.0.6478.128, chrome: {chromedriverVersion: 126.0.6478.182 (5b5d8292ddf..., userDataDir: C:\Users\david.le\AppData\L...}, fedcm:accounts: true, goog:chromeOptions: {debuggerAddress: localhost:49555}, networkConnectionEnabled: false, pageLoadStrategy: normal, platformName: windows, proxy: Proxy(), se:cdp: ws://localhost:49555/devtoo..., se:cdpVersion: 126.0.6478.128, setWindowRect: true, strictFileInteractability: false, timeouts: {implicit: 0, pageLoad: 300000, script: 30000}, unhandledPromptBehavior: dismiss and notify, webauthn:extension:credBlob: true, webauthn:extension:largeBlob: true, webauthn:extension:minPinLength: true, webauthn:extension:prf: true, webauthn:virtualAuthenticators: true}
Session ID: 78606f5506e1f112eb36eb4a9673f766
[INFO] 19-07-2024 13:12:31 [main] [LogUtils] - Driver for Screenshot: ChromeDriver: chrome on windows (78606f5506e1f112eb36eb4a9673f766)
[INFO] 19-07-2024 13:12:31 [main] [LogUtils] - ********** RUN FINISHED **********
[INFO] 19-07-2024 13:12:31 [main] [LogUtils] - =====> End Suite: Regression Tests CMS
[INFO] 19-07-2024 13:12:49 [main] [LogUtils] - Loaded all properties files.
[INFO] 19-07-2024 13:12:49 [main] [LogUtils] - ********** RUN STARTED **********
[INFO] 19-07-2024 13:12:49 [main] [LogUtils] - ========= INSTALLING CONFIGURATION DATA =========
[INFO] 19-07-2024 13:12:49 [main] [LogUtils] - Loaded all properties files.
[INFO] 19-07-2024 13:12:49 [main] [LogUtils] - OVERRIDE EXTENT REPORTS = no
[INFO] 19-07-2024 13:12:49 [main] [LogUtils] - Link Extent Report: D:\ffbf\WebAuto\reports/ExtentReports\19_07_2024_13_12_49_ExtentReports.html
[INFO] 19-07-2024 13:12:49 [main] [LogUtils] - Extent Reports is installed.
[INFO] 19-07-2024 13:12:49 [main] [LogUtils] - ========= INSTALLED CONFIGURATION DATA =========
[INFO] 19-07-2024 13:12:49 [main] [LogUtils] - =====> Starting Suite: Regression Tests CMS
[INFO] 19-07-2024 13:12:54 [main] [LogUtils] - Test case: en is starting...
[INFO] 19-07-2024 13:12:54 [main] [LogUtils] - Test case: en is passed.
[INFO] 19-07-2024 13:12:54 [main] [LogUtils] - Driver for Screenshot: ChromeDriver: chrome on windows (29052084c353ca83aa56b33a51619300)
[INFO] 19-07-2024 13:12:54 [main] [LogUtils] - Screenshot taken: en
[INFO] 19-07-2024 13:12:54 [main] [LogUtils] - Screenshot taken current URL: data:,
[INFO] 19-07-2024 13:12:57 [main] [LogUtils] - Test case: end is starting...
[INFO] 19-07-2024 13:13:05 [main] [LogUtils] - Open website with URL: https://the-internet.herokuapp.com/
[INFO] 19-07-2024 13:13:05 [main] [LogUtils] - Test case: end is passed.
[INFO] 19-07-2024 13:13:05 [main] [LogUtils] - Driver for Screenshot: ChromeDriver: chrome on windows (2c7175b8a6d66070170329f56f3e4027)
[INFO] 19-07-2024 13:13:05 [main] [LogUtils] - Screenshot taken: end
[INFO] 19-07-2024 13:13:05 [main] [LogUtils] - Screenshot taken current URL: https://the-internet.herokuapp.com/
[INFO] 19-07-2024 13:13:05 [main] [LogUtils] - ********** RUN FINISHED **********
[INFO] 19-07-2024 13:13:05 [main] [LogUtils] - =====> End Suite: Regression Tests CMS
